Arguments: 
  /Users/oonotakayuki/.nvm/versions/node/v18.15.0/bin/node /Users/oonotakayuki/.npm-global/bin/yarn contract run:script

PATH: 
  /Users/oonotakayuki/.nvm/versions/node/v18.15.0/bin:/Library/Frameworks/Python.framework/Versions/3.9/bin:/Users/oonotakayuki/.npm-global/bin:/usr/local/bin:/System/Cryptexes/App/usr/bin:/usr/bin:/bin:/usr/sbin:/sbin:/usr/local/go/bin:/Library/Apple/usr/bin:/Users/oonotakayuki/.nvm/versions/node/v18.15.0/bin:/Library/Frameworks/Python.framework/Versions/3.9/bin:/Users/oonotakayuki/.npm-global/bin:/Users/oonotakayuki/opt/anaconda3/bin:/Users/oonotakayuki/opt/anaconda3/condabin:/Users/oonotakayuki/.cargo/bin

Yarn version: 
  1.22.11

Node version: 
  18.15.0

Platform: 
  darwin x64

Trace: 
  SyntaxError: /Users/oonotakayuki/Desktop/FotesionGame/contract/package.json: Unexpected token / in JSON at position 91
      at JSON.parse (<anonymous>)
      at /Users/oonotakayuki/.npm-global/lib/node_modules/yarn/lib/cli.js:1625:59
      at Generator.next (<anonymous>)
      at step (/Users/oonotakayuki/.npm-global/lib/node_modules/yarn/lib/cli.js:310:30)
      at /Users/oonotakayuki/.npm-global/lib/node_modules/yarn/lib/cli.js:321:13

npm manifest: 
  {
    "name": "contract",
    "version": "1.0.0",
    "description": "",
    "main": "index.js",
    // "scripts": {
    //   "test": "echo \"Error: no test specified\" && exit 1"
    // },
    "scripts": {
      "run:script":"npx hardhat run scripts/run.js",
      "test": "npx hardhat test",
      "deploy": "npx hardhat run scripts/deploy.js --network sepolia"
    },
    "author": "",
    "license": "ISC",
    "devDependencies": {
      "@nomicfoundation/hardhat-toolbox": "^2.0.2",
      "hardhat": "^2.14.1"
    },
    "dependencies": {
      "@openzeppelin/contracts": "^4.9.0"
    }
  }

yarn manifest: 
  No manifest

Lockfile: 
  No lockfile
